[32m[Nest] 10144  - [39m12/03/2026, 12:01:09 am [32m    LOG[39m [38;5;3m[NestFactory] [39m[32mStarting Nest application...[39m
ProductsService initialized
[32m[Nest] 10144  - [39m12/03/2026, 12:01:09 am [32m    LOG[39m [38;5;3m[InstanceLoader] [39m[32mAppModule dependencies initialized[39m[38;5;3m +17ms[39m
[32m[Nest] 10144  - [39m12/03/2026, 12:01:09 am [32m    LOG[39m [38;5;3m[InstanceLoader] [39m[32mPrismaModule dependencies initialized[39m[38;5;3m +3ms[39m
[32m[Nest] 10144  - [39m12/03/2026, 12:01:09 am [32m    LOG[39m [38;5;3m[InstanceLoader] [39m[32mThrottlerModule dependencies initialized[39m[38;5;3m +3ms[39m
[32m[Nest] 10144  - [39m12/03/2026, 12:01:09 am [32m    LOG[39m [38;5;3m[InstanceLoader] [39m[32mHttpModule dependencies initialized[39m[38;5;3m +0ms[39m
[32m[Nest] 10144  - [39m12/03/2026, 12:01:09 am [32m    LOG[39m [38;5;3m[InstanceLoader] [39m[32mConfigHostModule dependencies initialized[39m[38;5;3m +0ms[39m
[32m[Nest] 10144  - [39m12/03/2026, 12:01:09 am [32m    LOG[39m [38;5;3m[InstanceLoader] [39m[32mAdminModule dependencies initialized[39m[38;5;3m +1ms[39m
[32m[Nest] 10144  - [39m12/03/2026, 12:01:09 am [32m    LOG[39m [38;5;3m[InstanceLoader] [39m[32mConfigModule dependencies initialized[39m[38;5;3m +0ms[39m
[32m[Nest] 10144  - [39m12/03/2026, 12:01:09 am [32m    LOG[39m [38;5;3m[InstanceLoader] [39m[32mVerificationModule dependencies initialized[39m[38;5;3m +12ms[39m
[32m[Nest] 10144  - [39m12/03/2026, 12:01:09 am [32m    LOG[39m [38;5;3m[InstanceLoader] [39m[32mSupabaseModule dependencies initialized[39m[38;5;3m +0ms[39m
[32m[Nest] 10144  - [39m12/03/2026, 12:01:09 am [32m    LOG[39m [38;5;3m[InstanceLoader] [39m[32mProductsModule dependencies initialized[39m[38;5;3m +1ms[39m
[32m[Nest] 10144  - [39m12/03/2026, 12:01:09 am [32m    LOG[39m [38;5;3m[InstanceLoader] [39m[32mContactModule dependencies initialized[39m[38;5;3m +0ms[39m
PORT: 3001
DATABASE_URL: LOADED
node : D:\DEMO-PROJECTS\B2B\s
erver\dist\main.js:53
At line:1 char:1
+ node ./dist/main.js 2>&1 | 
Out-File -FilePath 
startup_error3.log -Enc ...
+ ~~~~~~~~~~~~~~~~~~~~~~~~
    + CategoryInfo           
   : NotSpecified: (D:\DEMO  
  -PROJECT...dist\main.js:   
 53:String) [], RemoteExc    
eption
    + FullyQualifiedErrorId  
   : NativeCommandError
 
    app.use(compression());
            ^

TypeError: compression is 
not a function
    at bootstrap (D:\DEMO-PRO
JECTS\B2B\server\dist\main.js
:53:13)

Node.js v22.5.1
